[ 14%] Built target sdf
[ 14%] Built target rosgraph_msgs_generate_messages_py
[ 14%] Built target gazebo_msgs_generate_messages_eus
[ 14%] Built target gazebo_msgs_generate_messages_cpp
[ 14%] Built target gazebo_msgs_generate_messages_lisp
[ 14%] Built target gazebo_msgs_generate_messages_nodejs
[ 14%] Built target std_msgs_generate_messages_eus
[ 14%] Built target gazebo_msgs_generate_messages_py
[ 14%] Built target std_msgs_generate_messages_cpp
[ 14%] Built target std_msgs_generate_messages_lisp
[ 14%] Built target std_msgs_generate_messages_nodejs
[ 14%] Built target std_msgs_generate_messages_py
[ 14%] Built target trajectory_msgs_generate_messages_cpp
[ 14%] Built target trajectory_msgs_generate_messages_eus
[ 14%] Built target trajectory_msgs_generate_messages_lisp
[ 14%] Built target trajectory_msgs_generate_messages_nodejs
[ 14%] Built target geometry_msgs_generate_messages_cpp
[ 14%] Built target trajectory_msgs_generate_messages_py
[ 14%] Built target geometry_msgs_generate_messages_eus
[ 14%] Built target geometry_msgs_generate_messages_lisp
[ 14%] Built target geometry_msgs_generate_messages_nodejs
[ 14%] Built target geometry_msgs_generate_messages_py
[ 14%] Built target sensor_msgs_generate_messages_cpp
[ 14%] Built target sensor_msgs_generate_messages_eus
[ 14%] Built target sensor_msgs_generate_messages_lisp
[ 14%] Built target sensor_msgs_generate_messages_py
[ 14%] Built target sensor_msgs_generate_messages_nodejs
[ 14%] Built target std_srvs_generate_messages_eus
[ 14%] Built target std_srvs_generate_messages_cpp
[ 14%] Built target std_srvs_generate_messages_lisp
[ 14%] Built target std_srvs_generate_messages_nodejs
[ 14%] Built target mav_msgs_generate_messages_cpp
[ 14%] Built target mav_msgs_generate_messages_nodejs
[ 14%] Built target mav_msgs_generate_messages_lisp
[ 14%] Built target roscpp_generate_messages_cpp
[ 14%] Built target std_srvs_generate_messages_py
[ 14%] Built target mav_msgs_generate_messages_eus
[ 14%] Built target roscpp_generate_messages_eus
[ 14%] Built target roscpp_generate_messages_lisp
[ 14%] Built target mav_msgs_generate_messages_py
[ 14%] Built target roscpp_generate_messages_nodejs
[ 14%] Built target roscpp_generate_messages_py
[ 14%] Built target rosgraph_msgs_generate_messages_cpp
[ 14%] Built target rosgraph_msgs_generate_messages_eus
[ 14%] Built target rosgraph_msgs_generate_messages_lisp
[ 14%] Built target rosgraph_msgs_generate_messages_nodejs
[ 28%] [32mBuilding CXX object CMakeFiles/waypoint_publisher.dir/src/waypoint_publisher.cpp.o[0m
[ 57%] [32mBuilding CXX object CMakeFiles/waypoint_publisher_file.dir/src/waypoint_publisher_file.cpp.o[0m
[ 57%] [32mBuilding CXX object CMakeFiles/hovering_example.dir/src/hovering_example.cpp.o[0m
[ 71%] [32m[1mLinking CXX executable /home/rfly/UAV/devel/.private/rotors_gazebo/lib/rotors_gazebo/hovering_example[0m
[ 85%] [32m[1mLinking CXX executable /home/rfly/UAV/devel/.private/rotors_gazebo/lib/rotors_gazebo/waypoint_publisher[0m
[ 85%] Built target hovering_example
[ 85%] Built target waypoint_publisher
[100%] [32m[1mLinking CXX executable /home/rfly/UAV/devel/.private/rotors_gazebo/lib/rotors_gazebo/waypoint_publisher_file[0m
[100%] Built target waypoint_publisher_file
