Performing C SOURCE FILE Test CMAKE_HAVE_LIBC_PTHREAD failed with the following output:
Change Dir: /home/rfly/UAV-simulator/build/mav_msgs/CMakeFiles/CMakeTmp

Run Build Command(s):/usr/bin/make -f Makefile cmTC_37bcc/fast && /usr/bin/make  -f CMakeFiles/cmTC_37bcc.dir/build.make CMakeFiles/cmTC_37bcc.dir/build
make[1]: Entering directory '/home/rfly/UAV-simulator/build/mav_msgs/CMakeFiles/CMakeTmp'
Building C object CMakeFiles/cmTC_37bcc.dir/src.c.o
/usr/bin/cc -DCMAKE_HAVE_LIBC_PTHREAD   -o CMakeFiles/cmTC_37bcc.dir/src.c.o -c /home/rfly/UAV-simulator/build/mav_msgs/CMakeFiles/CMakeTmp/src.c
Linking C executable cmTC_37bcc
/opt/cmake/bin/cmake -E cmake_link_script CMakeFiles/cmTC_37bcc.dir/link.txt --verbose=1
/usr/bin/cc -rdynamic CMakeFiles/cmTC_37bcc.dir/src.c.o -o cmTC_37bcc 
/usr/bin/ld: CMakeFiles/cmTC_37bcc.dir/src.c.o: in function `main':
src.c:(.text+0x46): undefined reference to `pthread_create'
/usr/bin/ld: src.c:(.text+0x52): undefined reference to `pthread_detach'
/usr/bin/ld: src.c:(.text+0x5e): undefined reference to `pthread_cancel'
/usr/bin/ld: src.c:(.text+0x6f): undefined reference to `pthread_join'
collect2: error: ld returned 1 exit status
make[1]: *** [CMakeFiles/cmTC_37bcc.dir/build.make:99: cmTC_37bcc] Error 1
make[1]: Leaving directory '/home/rfly/UAV-simulator/build/mav_msgs/CMakeFiles/CMakeTmp'
make: *** [Makefile:127: cmTC_37bcc/fast] Error 2


Source file was:
#include <pthread.h>

static void* test_func(void* data)
{
  return data;
}

int main(void)
{
  pthread_t thread;
  pthread_create(&thread, NULL, test_func, NULL);
  pthread_detach(thread);
  pthread_cancel(thread);
  pthread_join(thread, NULL);
  pthread_atfork(NULL, NULL, NULL);
  pthread_exit(NULL);

  return 0;
}

Determining if the function pthread_create exists in the pthreads failed with the following output:
Change Dir: /home/rfly/UAV-simulator/build/mav_msgs/CMakeFiles/CMakeTmp

Run Build Command(s):/usr/bin/make -f Makefile cmTC_3b6ec/fast && /usr/bin/make  -f CMakeFiles/cmTC_3b6ec.dir/build.make CMakeFiles/cmTC_3b6ec.dir/build
make[1]: Entering directory '/home/rfly/UAV-simulator/build/mav_msgs/CMakeFiles/CMakeTmp'
Building C object CMakeFiles/cmTC_3b6ec.dir/CheckFunctionExists.c.o
/usr/bin/cc   -DCHECK_FUNCTION_EXISTS=pthread_create -o CMakeFiles/cmTC_3b6ec.dir/CheckFunctionExists.c.o -c /opt/cmake/share/cmake-3.22/Modules/CheckFunctionExists.c
Linking C executable cmTC_3b6ec
/opt/cmake/bin/cmake -E cmake_link_script CMakeFiles/cmTC_3b6ec.dir/link.txt --verbose=1
/usr/bin/cc  -DCHECK_FUNCTION_EXISTS=pthread_create -rdynamic CMakeFiles/cmTC_3b6ec.dir/CheckFunctionExists.c.o -o cmTC_3b6ec  -lpthreads 
/usr/bin/ld: cannot find -lpthreads
collect2: error: ld returned 1 exit status
make[1]: *** [CMakeFiles/cmTC_3b6ec.dir/build.make:99: cmTC_3b6ec] Error 1
make[1]: Leaving directory '/home/rfly/UAV-simulator/build/mav_msgs/CMakeFiles/CMakeTmp'
make: *** [Makefile:127: cmTC_3b6ec/fast] Error 2



