[  0%] Built target _octomap_msgs_generate_messages_check_deps_BoundingBoxQuery
[  0%] Built target geometry_msgs_generate_messages_py
[  0%] Built target std_msgs_generate_messages_py
[  0%] Built target _octomap_msgs_generate_messages_check_deps_Octomap
[  0%] Built target _octomap_msgs_generate_messages_check_deps_OctomapWithPose
[  0%] Built target geometry_msgs_generate_messages_cpp
[  0%] Built target std_msgs_generate_messages_cpp
[  0%] Built target geometry_msgs_generate_messages_eus
[  0%] Built target _octomap_msgs_generate_messages_check_deps_GetOctomap
[  0%] Built target std_msgs_generate_messages_eus
[  0%] Built target geometry_msgs_generate_messages_lisp
[  0%] Built target std_msgs_generate_messages_lisp
[  0%] Built target geometry_msgs_generate_messages_nodejs
[  4%] [34m[1mGenerating Python from MSG octomap_msgs/Octomap[0m
[  8%] [34m[1mGenerating C++ code from octomap_msgs/Octomap.msg[0m
[ 13%] [34m[1mGenerating C++ code from octomap_msgs/OctomapWithPose.msg[0m
[ 17%] [34m[1mGenerating C++ code from octomap_msgs/GetOctomap.srv[0m
[ 17%] Built target std_msgs_generate_messages_nodejs
[ 21%] [34m[1mGenerating Python from MSG octomap_msgs/OctomapWithPose[0m
[ 26%] [34m[1mGenerating Python code from SRV octomap_msgs/GetOctomap[0m
[ 30%] [34m[1mGenerating Python code from SRV octomap_msgs/BoundingBoxQuery[0m
[ 34%] [34m[1mGenerating C++ code from octomap_msgs/BoundingBoxQuery.srv[0m
[ 39%] [34m[1mGenerating Python msg __init__.py for octomap_msgs[0m
[ 39%] Built target octomap_msgs_generate_messages_cpp
[ 43%] [34m[1mGenerating Python srv __init__.py for octomap_msgs[0m
[ 47%] [34m[1mGenerating EusLisp code from octomap_msgs/Octomap.msg[0m
[ 52%] [34m[1mGenerating EusLisp code from octomap_msgs/OctomapWithPose.msg[0m
[ 56%] [34m[1mGenerating EusLisp code from octomap_msgs/GetOctomap.srv[0m
[ 60%] [34m[1mGenerating Lisp code from octomap_msgs/Octomap.msg[0m
[ 65%] [34m[1mGenerating Javascript code from octomap_msgs/Octomap.msg[0m
[ 69%] [34m[1mGenerating Javascript code from octomap_msgs/OctomapWithPose.msg[0m
[ 73%] [34m[1mGenerating Javascript code from octomap_msgs/GetOctomap.srv[0m
[ 78%] [34m[1mGenerating Javascript code from octomap_msgs/BoundingBoxQuery.srv[0m
[ 82%] [34m[1mGenerating EusLisp code from octomap_msgs/BoundingBoxQuery.srv[0m
[ 86%] [34m[1mGenerating EusLisp manifest code for octomap_msgs[0m
[ 91%] [34m[1mGenerating Lisp code from octomap_msgs/OctomapWithPose.msg[0m
[ 95%] [34m[1mGenerating Lisp code from octomap_msgs/GetOctomap.srv[0m
[ 95%] Built target octomap_msgs_generate_messages_py
[100%] [34m[1mGenerating Lisp code from octomap_msgs/BoundingBoxQuery.srv[0m
[100%] Built target octomap_msgs_generate_messages_nodejs
[100%] Built target octomap_msgs_generate_messages_lisp
[100%] Built target octomap_msgs_generate_messages_eus
[100%] Built target octomap_msgs_generate_messages
