[  2%] [32mBuilding CXX object CMakeFiles/octovis-shared.dir/src/SceneObject.cpp.o[0m
[  7%] [32mBuilding CXX object CMakeFiles/octovis-static.dir/src/SceneObject.cpp.o[0m
[ 10%] [32mBuilding CXX object CMakeFiles/octovis-shared.dir/src/PointcloudDrawer.cpp.o[0m
[ 10%] [32mBuilding CXX object CMakeFiles/octovis-shared.dir/src/OcTreeDrawer.cpp.o[0m
[ 12%] [32mBuilding CXX object CMakeFiles/octovis-static.dir/src/PointcloudDrawer.cpp.o[0m
[ 15%] [32mBuilding CXX object CMakeFiles/octovis-shared.dir/src/SelectionBox.cpp.o[0m
[ 20%] [32mBuilding CXX object CMakeFiles/octovis-static.dir/src/OcTreeDrawer.cpp.o[0m
[ 20%] [32mBuilding CXX object CMakeFiles/octovis-shared.dir/src/TrajectoryDrawer.cpp.o[0m
[ 25%] [32mBuilding CXX object CMakeFiles/octovis-static.dir/src/SelectionBox.cpp.o[0m
[ 27%] [32mBuilding CXX object CMakeFiles/octovis-static.dir/src/TrajectoryDrawer.cpp.o[0m
[ 27%] [32mBuilding CXX object CMakeFiles/octovis-shared.dir/src/ColorOcTreeDrawer.cpp.o[0m
[ 30%] [32mBuilding CXX object CMakeFiles/octovis-static.dir/src/ColorOcTreeDrawer.cpp.o[0m
[ 32%] [32m[1mLinking CXX shared library /home/rfly/UAV/src/octomap/octovis/lib/liboctovis.so[0m
[ 32%] Built target octovis-shared
[ 37%] [34m[1mGenerating include/octovis/moc_CameraFollowMode.cpp[0m
[ 37%] [34m[1mGenerating ui_ViewerSettingsPanelCamera.h[0m
[ 40%] [34m[1mGenerating include/octovis/moc_ViewerGui.cpp[0m
[ 42%] [34m[1mGenerating include/octovis/moc_ViewerSettings.cpp[0m
[ 47%] [34m[1mGenerating include/octovis/moc_ViewerSettingsPanel.cpp[0m
[ 47%] [34m[1mGenerating include/octovis/moc_ViewerSettingsPanelCamera.cpp[0m
[ 50%] [34m[1mGenerating include/octovis/moc_ViewerWidget.cpp[0m
[ 52%] [34m[1mGenerating qrc_icons.cpp[0m
[ 55%] [34m[1mGenerating ui_ViewerGui.h[0m
[ 60%] [34m[1mGenerating ui_ViewerSettings.h[0m
[ 60%] [34m[1mGenerating ui_ViewerSettingsPanel.h[0m
[ 62%] [32m[1mLinking CXX static library /home/rfly/UAV/src/octomap/octovis/lib/liboctovis.a[0m
[ 62%] Built target octovis-static
[ 65%] [32mBuilding CXX object CMakeFiles/octovis.dir/src/main.cpp.o[0m
[ 70%] [32mBuilding CXX object CMakeFiles/octovis.dir/src/ViewerGui.cpp.o[0m
[ 70%] [32mBuilding CXX object CMakeFiles/octovis.dir/src/ViewerWidget.cpp.o[0m
[ 72%] [32mBuilding CXX object CMakeFiles/octovis.dir/src/ViewerSettings.cpp.o[0m
[ 75%] [32mBuilding CXX object CMakeFiles/octovis.dir/src/ViewerSettingsPanel.cpp.o[0m
[ 77%] [32mBuilding CXX object CMakeFiles/octovis.dir/src/ViewerSettingsPanelCamera.cpp.o[0m
[ 80%] [32mBuilding CXX object CMakeFiles/octovis.dir/src/CameraFollowMode.cpp.o[0m
[ 82%] [32mBuilding CXX object CMakeFiles/octovis.dir/include/octovis/moc_ViewerGui.cpp.o[0m
[ 85%] [32mBuilding CXX object CMakeFiles/octovis.dir/include/octovis/moc_ViewerWidget.cpp.o[0m
[ 87%] [32mBuilding CXX object CMakeFiles/octovis.dir/include/octovis/moc_ViewerSettings.cpp.o[0m
[ 90%] [32mBuilding CXX object CMakeFiles/octovis.dir/include/octovis/moc_ViewerSettingsPanel.cpp.o[0m
[ 92%] [32mBuilding CXX object CMakeFiles/octovis.dir/include/octovis/moc_ViewerSettingsPanelCamera.cpp.o[0m
[ 95%] [32mBuilding CXX object CMakeFiles/octovis.dir/include/octovis/moc_CameraFollowMode.cpp.o[0m
[ 97%] [32mBuilding CXX object CMakeFiles/octovis.dir/qrc_icons.cpp.o[0m
[100%] [32m[1mLinking CXX executable /home/rfly/UAV/src/octomap/octovis/bin/octovis[0m
[100%] Built target octovis
